<?xml version="1.0" encoding="UTF-8"?>
<!-- Generated by org.testng.reporters.JUnitXMLReporter -->
<testsuite ignored="0" hostname="DESKTOP-C43JMML" failures="1" tests="1" name="Surefire test" time="29.686" errors="0" timestamp="2024-07-28T12:03:17 IST">
  <testcase classname="driverFactory.AppTest" name="kickStart" time="29.521">
    <failure type="java.lang.NullPointerException" message="Cannot invoke &amp;quot;org.apache.poi.xssf.usermodel.XSSFSheet.getRow(int)&amp;quot; because &amp;quot;sheet&amp;quot; is null">
      <![CDATA[java.lang.NullPointerException: Cannot invoke "org.apache.poi.xssf.usermodel.XSSFSheet.getRow(int)" because "sheet" is null
at utilities.XLfile_Util.setcelldata(XLfile_Util.java:42)
at driverFactory.DriverScript.start_test(DriverScript.java:129)
at driverFactory.AppTest.kickStart(AppTest.java:9)
at java.base/java.util.ArrayList.forEach(ArrayList.java:1511)
... Removed 32 stack frames]]>
    </failure>
  </testcase> <!-- kickStart -->
</testsuite> <!-- Surefire test -->
