<?xml version="1.0" encoding="UTF-8"?>
<testng-results ignored="0" total="1" passed="1" failed="0" skipped="0">
  <reporter-output>
  </reporter-output>
  <suite started-at="2024-07-29T12:22:12 IST" name="Default suite" finished-at="2024-07-29T12:22:46 IST" duration-ms="33309">
    <groups>
    </groups>
    <test started-at="2024-07-29T12:22:12 IST" name="Default test" finished-at="2024-07-29T12:22:46 IST" duration-ms="33309">
      <class name="driverFactory.AppTest">
        <test-method signature="kickStart()[pri:0, instance:driverFactory.AppTest@35aea049]" started-at="2024-07-29T12:22:12 IST" name="kickStart" finished-at="2024-07-29T12:22:46 IST" duration-ms="33278" status="PASS">
          <reporter-output>
          </reporter-output>
        </test-method> <!-- kickStart -->
      </class> <!-- driverFactory.AppTest -->
    </test> <!-- Default test -->
  </suite> <!-- Default suite -->
</testng-results>
